<?xml version="1.0" encoding="UTF-8"?>
<testsuite xmlns:xsi="http://www.w3.org/2001/XMLSchema-instance" xsi:noNamespaceSchemaLocation="https://maven.apache.org/surefire/maven-surefire-plugin/xsd/surefire-test-report-3.0.xsd" version="3.0" name="entity.EXPItemPoolTest" time="0.066" tests="3" errors="0" skipped="0" failures="0">
  <properties>
[...]
</properties>
  <testcase name="getEXP" classname="entity.EXPItemPoolTest" time="0.047"/>
  <testcase name="getPool" classname="entity.EXPItemPoolTest" time="0.003"/>
  <testcase name="recycle" classname="entity.EXPItemPoolTest" time="0"/>
</testsuite>